info: User Rahul logged in successfully. {"timestamp":"2023-12-14T12:26:45.943Z"}
info: Retrieved all users successfully. {"timestamp":"2023-12-14T12:26:46.083Z"}
info: Retrieved messages successfully. {"timestamp":"2023-12-14T12:26:49.312Z"}
info: Message added successfully. {"timestamp":"2023-12-14T12:26:54.710Z"}
info: Message added successfully. {"timestamp":"2023-12-14T12:27:12.835Z"}
info: Message added successfully. {"timestamp":"2023-12-14T12:27:15.622Z"}
info: Retrieved messages successfully. {"timestamp":"2023-12-14T12:27:17.307Z"}
info: Message added successfully. {"timestamp":"2023-12-14T12:27:21.100Z"}
info: Message added successfully. {"timestamp":"2023-12-14T12:27:24.187Z"}
info: Message added successfully. {"timestamp":"2023-12-14T12:27:25.955Z"}
info: Retrieved messages successfully. {"timestamp":"2023-12-14T12:27:27.508Z"}
info: Message added successfully. {"timestamp":"2023-12-14T12:27:31.427Z"}
info: Retrieved messages successfully. {"timestamp":"2023-12-14T12:27:32.794Z"}
info: Message added successfully. {"timestamp":"2023-12-14T12:27:39.102Z"}
info: Message added successfully. {"timestamp":"2023-12-14T12:27:45.494Z"}
info: Retrieved messages successfully. {"timestamp":"2023-12-14T12:27:48.429Z"}
info: Message added successfully. {"timestamp":"2023-12-14T12:27:58.572Z"}
info: User with ID 6568c75d119a6646df249e36 logged out successfully. {"timestamp":"2023-12-14T12:28:00.641Z"}
info: User Chakri logged in successfully. {"timestamp":"2023-12-14T12:28:07.798Z"}
info: Retrieved all users successfully. {"timestamp":"2023-12-14T12:28:07.882Z"}
info: Retrieved messages successfully. {"timestamp":"2023-12-14T12:28:11.245Z"}
info: User with ID 656a0f9f5912d2916cba3742 logged out successfully. {"timestamp":"2023-12-14T12:28:12.537Z"}
info: User Temp registered successfully. {"timestamp":"2023-12-14T12:28:35.609Z"}
info: Avatar set successfully for user with ID: 657af4f3893560ce47d92bff {"timestamp":"2023-12-14T12:28:41.415Z"}
info: Retrieved all users successfully. {"timestamp":"2023-12-14T12:28:41.530Z"}
info: Retrieved messages successfully. {"timestamp":"2023-12-14T12:28:43.756Z"}
info: Message added successfully. {"timestamp":"2023-12-14T12:28:47.203Z"}
info: Retrieved messages successfully. {"timestamp":"2023-12-14T12:30:57.252Z"}
info: Message added successfully. {"timestamp":"2023-12-14T12:31:01.016Z"}
info: Retrieved messages successfully. {"timestamp":"2023-12-14T12:31:02.362Z"}
info: Message added successfully. {"timestamp":"2023-12-14T12:31:05.012Z"}
info: Retrieved messages successfully. {"timestamp":"2023-12-14T12:31:06.379Z"}
info: Message added successfully. {"timestamp":"2023-12-14T12:31:09.084Z"}
info: User with ID 657af4f3893560ce47d92bff logged out successfully. {"timestamp":"2023-12-14T12:31:10.789Z"}
info: User mine registered successfully. {"timestamp":"2023-12-14T12:31:29.362Z"}
info: Avatar set successfully for user with ID: 657af5a1893560ce47d92c11 {"timestamp":"2023-12-14T12:31:34.925Z"}
info: Retrieved all users successfully. {"timestamp":"2023-12-14T12:31:35.086Z"}
info: Retrieved messages successfully. {"timestamp":"2023-12-14T12:31:36.856Z"}
info: Retrieved messages successfully. {"timestamp":"2023-12-14T12:32:37.894Z"}
info: Retrieved messages successfully. {"timestamp":"2023-12-14T12:32:39.393Z"}
info: Retrieved messages successfully. {"timestamp":"2023-12-14T12:32:40.208Z"}
info: Retrieved messages successfully. {"timestamp":"2023-12-14T12:32:41.459Z"}
info: Retrieved messages successfully. {"timestamp":"2023-12-14T12:32:42.858Z"}
info: Retrieved messages successfully. {"timestamp":"2023-12-14T12:32:44.314Z"}
info: Retrieved messages successfully. {"timestamp":"2023-12-14T12:32:45.686Z"}
info: Message added successfully. {"timestamp":"2023-12-14T12:32:52.188Z"}
error: Error in deleteMessage: Cast to ObjectId failed for value "undefined" (type string) at path "_id" for model "Messages" {"timestamp":"2023-12-14T12:32:55.771Z"}
error: Error in deleteMessage: Cast to ObjectId failed for value "undefined" (type string) at path "_id" for model "Messages" {"timestamp":"2023-12-14T12:33:07.352Z"}
error: Error in deleteMessage: Cast to ObjectId failed for value "undefined" (type string) at path "_id" for model "Messages" {"timestamp":"2023-12-14T12:33:09.136Z"}
error: Error in deleteMessage: Cast to ObjectId failed for value "undefined" (type string) at path "_id" for model "Messages" {"timestamp":"2023-12-14T12:33:09.316Z"}
info: Retrieved messages successfully. {"timestamp":"2023-12-14T12:34:05.564Z"}
info: Message added successfully. {"timestamp":"2023-12-14T12:34:10.377Z"}
info: Message added successfully. {"timestamp":"2023-12-14T12:34:12.988Z"}
info: Message added successfully. {"timestamp":"2023-12-14T12:34:14.680Z"}
info: Retrieved messages successfully. {"timestamp":"2023-12-14T12:34:16.459Z"}
info: Message added successfully. {"timestamp":"2023-12-14T12:34:20.863Z"}
error: Error in deleteMessage: Cast to ObjectId failed for value "undefined" (type string) at path "_id" for model "Messages" {"timestamp":"2023-12-14T12:34:23.378Z"}
error: Error in deleteMessage: Cast to ObjectId failed for value "undefined" (type string) at path "_id" for model "Messages" {"timestamp":"2023-12-14T12:34:24.408Z"}
error: Error in deleteMessage: Cast to ObjectId failed for value "undefined" (type string) at path "_id" for model "Messages" {"timestamp":"2023-12-14T12:34:26.616Z"}
error: Error in deleteMessage: Cast to ObjectId failed for value "undefined" (type string) at path "_id" for model "Messages" {"timestamp":"2023-12-14T12:34:43.365Z"}
error: Error in deleteMessage: Cast to ObjectId failed for value "undefined" (type string) at path "_id" for model "Messages" {"timestamp":"2023-12-14T12:34:46.002Z"}
info: User with ID 657af5a1893560ce47d92c11 logged out successfully. {"timestamp":"2023-12-14T12:35:42.748Z"}
info: User Chakri logged in successfully. {"timestamp":"2023-12-14T12:35:50.350Z"}
info: Retrieved all users successfully. {"timestamp":"2023-12-14T12:35:50.471Z"}
info: Retrieved messages successfully. {"timestamp":"2023-12-14T12:35:52.307Z"}
info: Message added successfully. {"timestamp":"2023-12-14T12:35:55.023Z"}
error: Error in deleteMessage: Cast to ObjectId failed for value "undefined" (type string) at path "_id" for model "Messages" {"timestamp":"2023-12-14T12:35:57.370Z"}
error: Error in deleteMessage: Cast to ObjectId failed for value "undefined" (type string) at path "_id" for model "Messages" {"timestamp":"2023-12-14T12:35:58.464Z"}
info: Retrieved all users successfully. {"timestamp":"2023-12-14T12:43:20.198Z"}
info: Retrieved messages successfully. {"timestamp":"2023-12-14T12:43:23.197Z"}
info: Retrieved messages successfully. {"timestamp":"2023-12-14T12:44:18.699Z"}
info: Retrieved messages successfully. {"timestamp":"2023-12-14T12:44:21.077Z"}
info: Login failed for username: johndoe, incorrect username or password {"timestamp":"2023-12-14T13:02:49.279Z"}
info: User Rahul logged in successfully. {"timestamp":"2023-12-14T13:02:49.465Z"}
info: Login failed for username: johndoe, incorrect username or password {"timestamp":"2023-12-14T13:04:14.398Z"}
info: User Rahul logged in successfully. {"timestamp":"2023-12-14T13:04:14.576Z"}
